2026-01-12 23:13:20,623 - INFO - ============================================================
2026-01-12 23:13:20,624 - INFO - STEP 1: DATA VALIDATION
2026-01-12 23:13:20,624 - INFO - ============================================================
2026-01-12 23:13:20,685 - INFO - 
============================================================
2026-01-12 23:13:20,685 - INFO - Validation Summary:
2026-01-12 23:13:20,685 - INFO -   Datasets found: 0
2026-01-12 23:13:20,685 - INFO -   Datasets missing: 3
2026-01-12 23:13:20,685 - INFO - ============================================================
2026-01-12 23:13:20,687 - INFO - 
Quick Start:
2026-01-12 23:13:20,687 - INFO - 1. Go to https://www.kaggle.com/datasets/atharvaingle/crop-recommendation-dataset
2026-01-12 23:13:20,687 - INFO - 2. Download Crop_recommendation.csv
2026-01-12 23:13:20,687 - INFO - 3. Save as: data\raw\kaggle_crop_recommendation.csv
2026-01-12 23:14:15,562 - INFO - ============================================================
2026-01-12 23:14:15,562 - INFO - STEP 1: DATA VALIDATION
2026-01-12 23:14:15,563 - INFO - ============================================================
2026-01-12 23:14:15,595 - INFO -   Features: ['N', 'P', 'K', 'temperature', 'humidity', 'ph', 'rainfall', 'label']
2026-01-12 23:14:15,597 - INFO -   Unique crops: 22
2026-01-12 23:14:15,637 - INFO -   Features: ['Unnamed: 0', 'Area', 'Item', 'Year', 'hg/ha_yield', 'average_rain_fall_mm_per_year', 'pesticides_tonnes', 'avg_temp']
2026-01-12 23:14:15,638 - INFO - 
============================================================
2026-01-12 23:14:15,638 - INFO - Validation Summary:
2026-01-12 23:14:15,638 - INFO -   Datasets found: 2
2026-01-12 23:14:15,638 - INFO -   Datasets missing: 1
2026-01-12 23:14:15,638 - INFO - ============================================================
2026-01-12 23:26:42,920 - INFO - 
============================================================
2026-01-12 23:26:42,921 - INFO - STARTING PRODUCTION DATA PIPELINE
2026-01-12 23:26:42,921 - INFO - ============================================================
2026-01-12 23:26:42,921 - INFO - Time: 2026-01-12 23:26:42
2026-01-12 23:26:42,921 - INFO - ============================================================
2026-01-12 23:26:42,921 - INFO - ============================================================
2026-01-12 23:26:42,921 - INFO - STEP 1: DATA VALIDATION
2026-01-12 23:26:42,921 - INFO - ============================================================
2026-01-12 23:26:42,927 - INFO -   Features: ['N', 'P', 'K', 'temperature', 'humidity', 'ph', 'rainfall', 'label']
2026-01-12 23:26:42,928 - INFO -   Unique crops: 22
2026-01-12 23:26:42,953 - INFO -   Features: ['Unnamed: 0', 'Area', 'Item', 'Year', 'hg/ha_yield', 'average_rain_fall_mm_per_year', 'pesticides_tonnes', 'avg_temp']
2026-01-12 23:26:42,955 - INFO - 
============================================================
2026-01-12 23:26:42,955 - INFO - Validation Summary:
2026-01-12 23:26:42,955 - INFO -   Datasets found: 2
2026-01-12 23:26:42,955 - INFO -   Datasets missing: 1
2026-01-12 23:26:42,955 - INFO - ============================================================
2026-01-12 23:26:42,956 - INFO - 
============================================================
2026-01-12 23:26:42,956 - INFO - STEP 2: DATA PROCESSING
2026-01-12 23:26:42,956 - INFO - ============================================================
2026-01-12 23:26:42,956 - INFO - 
Processing Kaggle Crop Recommendation...
2026-01-12 23:26:42,983 - INFO - 
Processing Kaggle Crop Yield...
2026-01-12 23:26:43,094 - INFO - 
Processing India Government Data...
2026-01-12 23:26:43,094 - WARNING - India Government Data directory not found, skipping...
2026-01-12 23:26:43,094 - INFO - 
============================================================
2026-01-12 23:26:43,094 - INFO - STEP 3: DATA COMBINATION
2026-01-12 23:26:43,094 - INFO - ============================================================
2026-01-12 23:26:43,095 - INFO - 
============================================================
2026-01-12 23:26:43,095 - INFO - COMBINING CROP RECOMMENDATION DATA
2026-01-12 23:26:43,095 - INFO - ============================================================
2026-01-12 23:26:43,126 - INFO - 
Combination Summary:
2026-01-12 23:26:43,126 - INFO -   Total samples: 2200
2026-01-12 23:26:43,126 - INFO -   After deduplication: 2200
2026-01-12 23:26:43,126 - INFO -   Duplicates removed: 0
2026-01-12 23:26:43,127 - INFO -   Unique crops: 22
2026-01-12 23:26:43,127 - INFO -   Features: 8
2026-01-12 23:26:43,137 - INFO - 
============================================================
2026-01-12 23:26:43,137 - INFO - COMBINING YIELD PREDICTION DATA
2026-01-12 23:26:43,137 - INFO - ============================================================
2026-01-12 23:26:43,186 - INFO - 
Combination Summary:
2026-01-12 23:26:43,186 - INFO -   Total samples: 28242
2026-01-12 23:26:43,187 - INFO -   After deduplication: 25899
2026-01-12 23:26:43,187 - INFO -   Duplicates removed: 2343
2026-01-12 23:26:43,187 - INFO -   Features: 4
2026-01-12 23:26:43,232 - INFO - 
============================================================
2026-01-12 23:26:43,233 - INFO - STEP 4: TRAIN/TEST SPLITS
2026-01-12 23:26:43,233 - INFO - ============================================================
2026-01-12 23:26:43,233 - INFO - 
============================================================
2026-01-12 23:26:43,233 - INFO - CREATING TRAIN/TEST SPLITS
2026-01-12 23:26:43,233 - INFO - ============================================================
2026-01-12 23:26:43,273 - INFO -   Train: 1760 samples
2026-01-12 23:26:43,273 - INFO -   Test: 440 samples
2026-01-12 23:26:43,345 - INFO -   Train: 20719 samples
2026-01-12 23:26:43,345 - INFO -   Test: 5180 samples
2026-01-12 23:26:43,345 - INFO - ============================================================
2026-01-12 23:26:43,345 - INFO - 
============================================================
2026-01-12 23:26:43,345 - INFO - PIPELINE STATISTICS REPORT
2026-01-12 23:26:43,345 - INFO - ============================================================
2026-01-12 23:26:43,347 - INFO - 
============================================================
2026-01-12 23:26:43,347 - INFO - SUMMARY
2026-01-12 23:26:43,347 - INFO - ============================================================
2026-01-12 23:26:43,347 - INFO - 
Crop Recommendation:
2026-01-12 23:26:43,347 - INFO -   Final samples: 2200
2026-01-12 23:26:43,347 - INFO -   Unique crops: 22
2026-01-12 23:26:43,347 - INFO -   Features: 8
2026-01-12 23:26:43,347 - INFO - 
Yield Prediction:
2026-01-12 23:26:43,347 - INFO -   Final samples: 25899
2026-01-12 23:26:43,347 - INFO -   Features: 4
2026-01-12 23:26:43,347 - INFO - 
============================================================
2026-01-12 23:26:43,348 - INFO - ============================================================
2026-01-12 23:26:43,348 - INFO - 
Next steps:
2026-01-12 23:26:43,348 - INFO - 1. Review processed data in data/processed/
2026-01-12 23:26:43,348 - INFO - 2. Check train/test splits in data/splits/
2026-01-12 23:26:43,348 - INFO - 3. Run: python train_production_models.py
2026-01-12 23:26:43,348 - INFO - ============================================================
2026-01-12 23:30:17,147 - INFO - 
============================================================
2026-01-12 23:30:17,147 - INFO - STARTING PRODUCTION DATA PIPELINE
2026-01-12 23:30:17,147 - INFO - ============================================================
2026-01-12 23:30:17,148 - INFO - Time: 2026-01-12 23:30:17
2026-01-12 23:30:17,148 - INFO - ============================================================
2026-01-12 23:30:17,148 - INFO - ============================================================
2026-01-12 23:30:17,148 - INFO - STEP 1: DATA VALIDATION
2026-01-12 23:30:17,148 - INFO - ============================================================
2026-01-12 23:30:17,154 - INFO -   Features: ['N', 'P', 'K', 'temperature', 'humidity', 'ph', 'rainfall', 'label']
2026-01-12 23:30:17,155 - INFO -   Unique crops: 22
2026-01-12 23:30:17,176 - INFO -   Features: ['Unnamed: 0', 'Area', 'Item', 'Year', 'hg/ha_yield', 'average_rain_fall_mm_per_year', 'pesticides_tonnes', 'avg_temp']
2026-01-12 23:30:17,177 - INFO - 
============================================================
2026-01-12 23:30:17,177 - INFO - Validation Summary:
2026-01-12 23:30:17,177 - INFO -   Datasets found: 2
2026-01-12 23:30:17,177 - INFO -   Datasets missing: 1
2026-01-12 23:30:17,178 - INFO - ============================================================
2026-01-12 23:30:17,178 - INFO - 
============================================================
2026-01-12 23:30:17,178 - INFO - STEP 2: DATA PROCESSING
2026-01-12 23:30:17,178 - INFO - ============================================================
2026-01-12 23:30:17,178 - INFO - 
Processing Kaggle Crop Recommendation...
2026-01-12 23:30:17,198 - INFO - 
Processing Kaggle Crop Yield...
2026-01-12 23:30:17,307 - INFO - 
Processing India Government Data...
2026-01-12 23:30:17,307 - WARNING - India Government Data directory not found, skipping...
2026-01-12 23:30:17,307 - INFO - 
============================================================
2026-01-12 23:30:17,307 - INFO - STEP 3: DATA COMBINATION
2026-01-12 23:30:17,308 - INFO - ============================================================
2026-01-12 23:30:17,308 - INFO - 
============================================================
2026-01-12 23:30:17,308 - INFO - COMBINING CROP RECOMMENDATION DATA
2026-01-12 23:30:17,308 - INFO - ============================================================
2026-01-12 23:30:17,338 - INFO - 
Combination Summary:
2026-01-12 23:30:17,338 - INFO -   Total samples: 2200
2026-01-12 23:30:17,338 - INFO -   After deduplication: 2200
2026-01-12 23:30:17,338 - INFO -   Duplicates removed: 0
2026-01-12 23:30:17,338 - INFO -   Unique crops: 22
2026-01-12 23:30:17,339 - INFO -   Features: 8
2026-01-12 23:30:17,347 - INFO - 
============================================================
2026-01-12 23:30:17,347 - INFO - COMBINING YIELD PREDICTION DATA
2026-01-12 23:30:17,347 - INFO - ============================================================
2026-01-12 23:30:17,395 - INFO - 
Combination Summary:
2026-01-12 23:30:17,395 - INFO -   Total samples: 28242
2026-01-12 23:30:17,395 - INFO -   After deduplication: 25916
2026-01-12 23:30:17,395 - INFO -   Duplicates removed: 2326
2026-01-12 23:30:17,395 - INFO -   Features: 5
2026-01-12 23:30:17,451 - INFO - 
============================================================
2026-01-12 23:30:17,451 - INFO - STEP 4: TRAIN/TEST SPLITS
2026-01-12 23:30:17,451 - INFO - ============================================================
2026-01-12 23:30:17,451 - INFO - 
============================================================
2026-01-12 23:30:17,451 - INFO - CREATING TRAIN/TEST SPLITS
2026-01-12 23:30:17,451 - INFO - ============================================================
2026-01-12 23:30:17,488 - INFO -   Train: 1760 samples
2026-01-12 23:30:17,488 - INFO -   Test: 440 samples
2026-01-12 23:30:17,581 - INFO -   Train: 20732 samples
2026-01-12 23:30:17,581 - INFO -   Test: 5184 samples
2026-01-12 23:30:17,581 - INFO - ============================================================
2026-01-12 23:30:17,582 - INFO - 
============================================================
2026-01-12 23:30:17,582 - INFO - PIPELINE STATISTICS REPORT
2026-01-12 23:30:17,582 - INFO - ============================================================
2026-01-12 23:30:17,584 - INFO - 
============================================================
2026-01-12 23:30:17,584 - INFO - SUMMARY
2026-01-12 23:30:17,584 - INFO - ============================================================
2026-01-12 23:30:17,584 - INFO - 
Crop Recommendation:
2026-01-12 23:30:17,584 - INFO -   Final samples: 2200
2026-01-12 23:30:17,584 - INFO -   Unique crops: 22
2026-01-12 23:30:17,584 - INFO -   Features: 8
2026-01-12 23:30:17,584 - INFO - 
Yield Prediction:
2026-01-12 23:30:17,584 - INFO -   Final samples: 25916
2026-01-12 23:30:17,585 - INFO -   Features: 5
2026-01-12 23:30:17,585 - INFO - 
============================================================
2026-01-12 23:30:17,586 - INFO - ============================================================
2026-01-12 23:30:17,586 - INFO - 
Next steps:
2026-01-12 23:30:17,586 - INFO - 1. Review processed data in data/processed/
2026-01-12 23:30:17,586 - INFO - 2. Check train/test splits in data/splits/
2026-01-12 23:30:17,586 - INFO - 3. Run: python train_production_models.py
2026-01-12 23:30:17,587 - INFO - ============================================================
